373c start_logger              154 ---- 2024/04/09 16:18:11.537 -------------------------------------------------
373c start_logger              160 Host process is 'cmd.exe' (pid 14140)
373c start_logger              164 DLL path is 'C:\laragon\bin\cmder\vendor\clink'
373c start_logger              178 Windows version 10.0.19045 (x64)
373c start_logger              181 Clink version 1.2.46.69fc92 (x64)
373c hook_setter::hook_setter  156 >>> Started hook transaction.
373c hook_setter::attach_iat   313 Attempting to hook SetEnvironmentVariableW in IAT for module 00007FF621B70000.
373c pe_info::iterate_imports  160 Found import in 'api-ms-win-core-processenvironment-l1-1-0.dll'
373c find_iat                  121 Found import at 00007FF621BA3860 (value is 00007FFA44713490).
373c hook_setter::attach_iat   313 Attempting to hook WriteConsoleW in IAT for module 00007FF621B70000.
373c pe_info::iterate_imports  160 Found import in 'api-ms-win-core-console-l1-1-0.dll'
373c find_iat                  121 Found import at 00007FF621BA34F8 (value is 00007FFA446B76D0).
373c hook_setter::attach_iat   313 Attempting to hook GetEnvironmentVariableW in IAT for module 00007FF621B70000.
373c pe_info::iterate_imports  160 Found import in 'api-ms-win-core-processenvironment-l1-1-0.dll'
373c find_iat                  121 Found import at 00007FF621BA3880 (value is 00007FFA446D5430).
373c hook_setter::commit       204 <<< Hook transaction committed.
373c hook_setter::hook_setter  156 >>> Started hook transaction.
373c hook_setter::detach_iat   356 Attempting to unhook 00007FFA0508ADF0 from GetEnvironmentVariableW in IAT for module 00007FF621B70000.
373c pe_info::iterate_imports  160 Found import in 'api-ms-win-core-processenvironment-l1-1-0.dll'
373c find_iat                  121 Found import at 00007FF621BA3880 (value is 00007FFA0508ADF0).
373c hook_setter::commit       204 <<< Hook transaction committed.
373c hook_setter::hook_setter  156 >>> Started hook transaction.
373c hook_setter::attach_iat   313 Attempting to hook ReadConsoleW in IAT for module 00007FF621B70000.
373c pe_info::iterate_imports  160 Found import in 'api-ms-win-core-console-l1-1-0.dll'
373c find_iat                  121 Found import at 00007FF621BA34E0 (value is 00007FFA447C0CA0).
373c hook_setter::commit       204 <<< Hook transaction committed.
373c win_screen_buffer::begin  227 Using native terminal support; found 'ConEmuHk64.dll'.
373c history_db::initialise   1268 master bank ctag: |CTAG_1663167284_18455859_4204_0
373c history_db::compact      1492 History:  0 active, 0 deleted
